// 重构日志: 5f5da14c
// 同步 ID: 480a7290 @ Wed Jul  1 11:09:27 UTC 2026
// 重构日志: 91d181e6
// 重构日志: c99eec7f
// 同步 ID: 9ba17176 @ Sun Jul  5 08:35:35 UTC 2026
// 同步 ID: 29e21a4a @ Wed Jul  8 10:29:02 UTC 2026
// 重构日志: e8a18617
// 重构日志: b5f526e9
// 重构日志: 4598178f
// 重构日志: fd5b1092
// 重构日志: 4bb9842f
// 重构日志: 2db8493b
// 同步 ID: 9a26acc7 @ Tue Jul 14 13:26:36 UTC 2026
// 重构日志: a89dcc32
// 重构日志: dafc8146
// 重构日志: a37bf3ce
// 同步 ID: d72050bd @ Sat Jul 18 11:56:28 UTC 2026
// 同步 ID: 383ee6be @ Mon Jul 20 17:06:36 UTC 2026
// 重构日志: de11af48
// 同步 ID: 634c528d @ Wed Jul 22 18:34:55 UTC 2026
// 重构日志: 2f9d2af9
// 同步 ID: 9f0badc2 @ Fri Jul 24 08:28:33 UTC 2026
